[debug] [2023-01-23T11:56:13.992Z] ----------------------------------------------------------------------
[debug] [2023-01-23T11:56:13.994Z] Command:       C:\Program Files\nodejs\node.exe C:\Users\mahes\AppData\Roaming\npm\node_modules\firebase-tools\lib\bin\firebase.js deploy
[debug] [2023-01-23T11:56:13.994Z] CLI Version:   11.19.0
[debug] [2023-01-23T11:56:13.994Z] Platform:      win32
[debug] [2023-01-23T11:56:13.994Z] Node Version:  v16.14.2
[debug] [2023-01-23T11:56:14.002Z] Time:          Mon Jan 23 2023 17:26:13 GMT+0530 (India Standard Time)
[debug] [2023-01-23T11:56:14.002Z] ----------------------------------------------------------------------
[debug] 
[debug] [2023-01-23T11:56:14.069Z] > command requires scopes: ["email","openid","https://www.googleapis.com/auth/cloudplatformprojects.readonly","https://www.googleapis.com/auth/firebase","https://www.googleapis.com/auth/cloud-platform"]
[debug] [2023-01-23T11:56:14.069Z] > authorizing via signed-in user (vyshuammu958@gmail.com)
[debug] [2023-01-23T11:56:14.069Z] [iam] checking project clone-a8c89 for permissions ["firebase.projects.get","firebasehosting.sites.update"]
[debug] [2023-01-23T11:56:14.071Z] > refreshing access token with scopes: []
[debug] [2023-01-23T11:56:14.073Z] >>> [apiv2][query] POST https://www.googleapis.com/oauth2/v3/token [none]
[debug] [2023-01-23T11:56:14.074Z] >>> [apiv2][body] POST https://www.googleapis.com/oauth2/v3/token [omitted]
[debug] [2023-01-23T11:56:15.337Z] <<< [apiv2][status] POST https://www.googleapis.com/oauth2/v3/token 200
[debug] [2023-01-23T11:56:15.337Z] <<< [apiv2][body] POST https://www.googleapis.com/oauth2/v3/token [omitted]
[debug] [2023-01-23T11:56:15.345Z] >>> [apiv2][query] POST https://cloudresourcemanager.googleapis.com/v1/projects/clone-a8c89:testIamPermissions [none]
[debug] [2023-01-23T11:56:15.346Z] >>> [apiv2][(partial)header] POST https://cloudresourcemanager.googleapis.com/v1/projects/clone-a8c89:testIamPermissions x-goog-quota-user=projects/clone-a8c89
[debug] [2023-01-23T11:56:15.346Z] >>> [apiv2][body] POST https://cloudresourcemanager.googleapis.com/v1/projects/clone-a8c89:testIamPermissions {"permissions":["firebase.projects.get","firebasehosting.sites.update"]}
[debug] [2023-01-23T11:56:18.393Z] <<< [apiv2][status] POST https://cloudresourcemanager.googleapis.com/v1/projects/clone-a8c89:testIamPermissions 200
[debug] [2023-01-23T11:56:18.393Z] <<< [apiv2][body] POST https://cloudresourcemanager.googleapis.com/v1/projects/clone-a8c89:testIamPermissions {"permissions":["firebase.projects.get","firebasehosting.sites.update"]}
[debug] [2023-01-23T11:56:18.395Z] >>> [apiv2][query] GET https://firebase.googleapis.com/v1beta1/projects/clone-a8c89 [none]
[debug] [2023-01-23T11:56:22.592Z] <<< [apiv2][status] GET https://firebase.googleapis.com/v1beta1/projects/clone-a8c89 200
[debug] [2023-01-23T11:56:22.593Z] <<< [apiv2][body] GET https://firebase.googleapis.com/v1beta1/projects/clone-a8c89 {"projectId":"clone-a8c89","projectNumber":"895958076638","displayName":"youtube-clone","name":"projects/clone-a8c89","resources":{"hostingSite":"clone-a8c89"},"state":"ACTIVE","etag":"1_01c667a8-c92c-4eb7-a101-ae973abeaaff"}
[info] 
[info] === Deploying to 'clone-a8c89'...
[info] 
[info] i  deploying hosting 
[debug] [2023-01-23T11:56:22.605Z] >>> [apiv2][query] POST https://firebasehosting.googleapis.com/v1beta1/projects/-/sites/clone-a8c89/versions [none]
[debug] [2023-01-23T11:56:22.605Z] >>> [apiv2][body] POST https://firebasehosting.googleapis.com/v1beta1/projects/-/sites/clone-a8c89/versions {"status":"CREATED","labels":{"deployment-tool":"cli-firebase"}}
[debug] [2023-01-23T11:56:25.244Z] <<< [apiv2][status] POST https://firebasehosting.googleapis.com/v1beta1/projects/-/sites/clone-a8c89/versions 200
[debug] [2023-01-23T11:56:25.245Z] <<< [apiv2][body] POST https://firebasehosting.googleapis.com/v1beta1/projects/-/sites/clone-a8c89/versions {"name":"projects/895958076638/sites/clone-a8c89/versions/583ec505b82e9973","status":"CREATED","config":{},"labels":{"deployment-tool":"cli-firebase"}}
[info] i  hosting[clone-a8c89]: beginning deploy... 
[info] i  hosting[clone-a8c89]: found 14 files in build 
[debug] [2023-01-23T11:56:25.263Z] [hosting] uploading with 200 concurrency
[debug] [2023-01-23T11:56:25.527Z] [hosting] hash cache [YnVpbGQ] stored for 14 files
[debug] [2023-01-23T11:56:25.528Z] [hosting][hash queue][FINAL] {"max":252,"min":2,"avg":26.071428571428573,"active":0,"complete":14,"success":14,"errored":0,"retried":0,"total":14,"elapsed":261}
[debug] [2023-01-23T11:56:25.528Z] >>> [apiv2][query] POST https://firebasehosting.googleapis.com/v1beta1/projects/895958076638/sites/clone-a8c89/versions/583ec505b82e9973:populateFiles [none]
[debug] [2023-01-23T11:56:25.528Z] >>> [apiv2][body] POST https://firebasehosting.googleapis.com/v1beta1/projects/895958076638/sites/clone-a8c89/versions/583ec505b82e9973:populateFiles {"files":{"/logo192.png":"3ee59515172ee198f3be375979df15ac5345183e656720a381b8872b2a39dc8b","/logo512.png":"ee7e2f3fdb8209c4b6fd7bef6ba50d1b9dba30a25bb5c3126df057e1cb6f5331","/manifest.json":"aff3449bdc238776f5d6d967f19ec491b36aed5fb7f23ccff6500736fd58494a","/robots.txt":"bfe106a3fb878dc83461c86818bf74fc1bdc7f28538ba613cd3e775516ce8b49","/static/css/main.7064deb2.css":"4ce511cf49d3bca300271880556d80869065066ad813b2edf8f0a6d4479cd2d9","/index.html":"3ec2998f880e266bf8cfce5eafdaf9a3d83bcc3fb69b06bc2c5e3952f14592a4","/static/css/main.7064deb2.css.map":"d9645e2561bb1d78fcd6f20db861908a83d8e56215fd64b613f7caf411dc1d0b","/static/js/787.df02e639.chunk.js":"e0836356e63d47c8dc200b0e28ff6a61821b309aa87caf864c1d506bf48a8df8","/asset-manifest.json":"97f6d0f5299ff94b647391fed34fb23685561705fa4f731a45fc515bfae3bda8","/static/js/787.df02e639.chunk.js.map":"d0a198218a7912f7aa49c28a4b1b7922925b44830112cf925d92e57b64106015","/static/js/main.13b800af.js.LICENSE.txt":"f1f8ed2ff0d8d89b21c62f138aa40ec9d0b3f66a5c4c03f36ee3db0cf621b617","/favicon.ico":"54e3cf095c5663378491f254909b72e3cb0766364084a9280479d75634ffd39a","/static/js/main.13b800af.js":"7af14133e75c838faeb1293658f156aa7b5f148edcc488365461c26d7f112315","/static/js/main.13b800af.js.map":"f9ac837c390480f8b5b9012e988b90ea3ec0f72ce90911e2284b072354022296"}}
[debug] [2023-01-23T11:56:28.650Z] <<< [apiv2][status] POST https://firebasehosting.googleapis.com/v1beta1/projects/895958076638/sites/clone-a8c89/versions/583ec505b82e9973:populateFiles 200
[debug] [2023-01-23T11:56:28.651Z] <<< [apiv2][body] POST https://firebasehosting.googleapis.com/v1beta1/projects/895958076638/sites/clone-a8c89/versions/583ec505b82e9973:populateFiles {"uploadRequiredHashes":["7af14133e75c838faeb1293658f156aa7b5f148edcc488365461c26d7f112315","3ec2998f880e266bf8cfce5eafdaf9a3d83bcc3fb69b06bc2c5e3952f14592a4","f9ac837c390480f8b5b9012e988b90ea3ec0f72ce90911e2284b072354022296","54e3cf095c5663378491f254909b72e3cb0766364084a9280479d75634ffd39a","97f6d0f5299ff94b647391fed34fb23685561705fa4f731a45fc515bfae3bda8"],"uploadUrl":"https://upload-firebasehosting.googleapis.com/upload/sites/clone-a8c89/versions/583ec505b82e9973/files"}
[debug] [2023-01-23T11:56:28.655Z] >>> [apiv2][query] POST https://upload-firebasehosting.googleapis.com/upload/sites/clone-a8c89/versions/583ec505b82e9973/files/7af14133e75c838faeb1293658f156aa7b5f148edcc488365461c26d7f112315 [none]
[debug] [2023-01-23T11:56:28.655Z] >>> [apiv2][body] POST https://upload-firebasehosting.googleapis.com/upload/sites/clone-a8c89/versions/583ec505b82e9973/files/7af14133e75c838faeb1293658f156aa7b5f148edcc488365461c26d7f112315 [stream]
[debug] [2023-01-23T11:56:28.659Z] >>> [apiv2][query] POST https://upload-firebasehosting.googleapis.com/upload/sites/clone-a8c89/versions/583ec505b82e9973/files/3ec2998f880e266bf8cfce5eafdaf9a3d83bcc3fb69b06bc2c5e3952f14592a4 [none]
[debug] [2023-01-23T11:56:28.659Z] >>> [apiv2][body] POST https://upload-firebasehosting.googleapis.com/upload/sites/clone-a8c89/versions/583ec505b82e9973/files/3ec2998f880e266bf8cfce5eafdaf9a3d83bcc3fb69b06bc2c5e3952f14592a4 [stream]
[debug] [2023-01-23T11:56:28.660Z] >>> [apiv2][query] POST https://upload-firebasehosting.googleapis.com/upload/sites/clone-a8c89/versions/583ec505b82e9973/files/f9ac837c390480f8b5b9012e988b90ea3ec0f72ce90911e2284b072354022296 [none]
[debug] [2023-01-23T11:56:28.661Z] >>> [apiv2][body] POST https://upload-firebasehosting.googleapis.com/upload/sites/clone-a8c89/versions/583ec505b82e9973/files/f9ac837c390480f8b5b9012e988b90ea3ec0f72ce90911e2284b072354022296 [stream]
[debug] [2023-01-23T11:56:28.662Z] >>> [apiv2][query] POST https://upload-firebasehosting.googleapis.com/upload/sites/clone-a8c89/versions/583ec505b82e9973/files/54e3cf095c5663378491f254909b72e3cb0766364084a9280479d75634ffd39a [none]
[debug] [2023-01-23T11:56:28.662Z] >>> [apiv2][body] POST https://upload-firebasehosting.googleapis.com/upload/sites/clone-a8c89/versions/583ec505b82e9973/files/54e3cf095c5663378491f254909b72e3cb0766364084a9280479d75634ffd39a [stream]
[debug] [2023-01-23T11:56:28.663Z] >>> [apiv2][query] POST https://upload-firebasehosting.googleapis.com/upload/sites/clone-a8c89/versions/583ec505b82e9973/files/97f6d0f5299ff94b647391fed34fb23685561705fa4f731a45fc515bfae3bda8 [none]
[debug] [2023-01-23T11:56:28.663Z] >>> [apiv2][body] POST https://upload-firebasehosting.googleapis.com/upload/sites/clone-a8c89/versions/583ec505b82e9973/files/97f6d0f5299ff94b647391fed34fb23685561705fa4f731a45fc515bfae3bda8 [stream]
[debug] [2023-01-23T11:56:28.664Z] [hosting][populate queue][FINAL] {"max":3129,"min":3129,"avg":3129,"active":0,"complete":1,"success":1,"errored":0,"retried":0,"total":1,"elapsed":3138}
[debug] [2023-01-23T11:56:28.664Z] [hosting] uploads queued: 5
[debug] [2023-01-23T11:56:35.797Z] <<< [apiv2][status] POST https://upload-firebasehosting.googleapis.com/upload/sites/clone-a8c89/versions/583ec505b82e9973/files/3ec2998f880e266bf8cfce5eafdaf9a3d83bcc3fb69b06bc2c5e3952f14592a4 200
[debug] [2023-01-23T11:56:35.797Z] <<< [apiv2][body] POST https://upload-firebasehosting.googleapis.com/upload/sites/clone-a8c89/versions/583ec505b82e9973/files/3ec2998f880e266bf8cfce5eafdaf9a3d83bcc3fb69b06bc2c5e3952f14592a4 [stream]
[debug] [2023-01-23T11:56:36.413Z] <<< [apiv2][status] POST https://upload-firebasehosting.googleapis.com/upload/sites/clone-a8c89/versions/583ec505b82e9973/files/54e3cf095c5663378491f254909b72e3cb0766364084a9280479d75634ffd39a 200
[debug] [2023-01-23T11:56:36.413Z] <<< [apiv2][body] POST https://upload-firebasehosting.googleapis.com/upload/sites/clone-a8c89/versions/583ec505b82e9973/files/54e3cf095c5663378491f254909b72e3cb0766364084a9280479d75634ffd39a [stream]
[debug] [2023-01-23T11:56:37.001Z] <<< [apiv2][status] POST https://upload-firebasehosting.googleapis.com/upload/sites/clone-a8c89/versions/583ec505b82e9973/files/97f6d0f5299ff94b647391fed34fb23685561705fa4f731a45fc515bfae3bda8 200
[debug] [2023-01-23T11:56:37.002Z] <<< [apiv2][body] POST https://upload-firebasehosting.googleapis.com/upload/sites/clone-a8c89/versions/583ec505b82e9973/files/97f6d0f5299ff94b647391fed34fb23685561705fa4f731a45fc515bfae3bda8 [stream]
[debug] [2023-01-23T11:56:59.061Z] [uploadQueue] Retrying task 7af14133e75c838faeb1293658f156aa7b5f148edcc488365461c26d7f112315
[debug] [2023-01-23T11:56:59.062Z] >>> [apiv2][query] POST https://upload-firebasehosting.googleapis.com/upload/sites/clone-a8c89/versions/583ec505b82e9973/files/7af14133e75c838faeb1293658f156aa7b5f148edcc488365461c26d7f112315 [none]
[debug] [2023-01-23T11:56:59.062Z] >>> [apiv2][body] POST https://upload-firebasehosting.googleapis.com/upload/sites/clone-a8c89/versions/583ec505b82e9973/files/7af14133e75c838faeb1293658f156aa7b5f148edcc488365461c26d7f112315 [stream]
[debug] [2023-01-23T11:57:02.957Z] [uploadQueue] Retrying task f9ac837c390480f8b5b9012e988b90ea3ec0f72ce90911e2284b072354022296
[debug] [2023-01-23T11:57:02.959Z] >>> [apiv2][query] POST https://upload-firebasehosting.googleapis.com/upload/sites/clone-a8c89/versions/583ec505b82e9973/files/f9ac837c390480f8b5b9012e988b90ea3ec0f72ce90911e2284b072354022296 [none]
[debug] [2023-01-23T11:57:02.959Z] >>> [apiv2][body] POST https://upload-firebasehosting.googleapis.com/upload/sites/clone-a8c89/versions/583ec505b82e9973/files/f9ac837c390480f8b5b9012e988b90ea3ec0f72ce90911e2284b072354022296 [stream]
[debug] [2023-01-23T11:57:24.235Z] <<< [apiv2][status] POST https://upload-firebasehosting.googleapis.com/upload/sites/clone-a8c89/versions/583ec505b82e9973/files/7af14133e75c838faeb1293658f156aa7b5f148edcc488365461c26d7f112315 200
[debug] [2023-01-23T11:57:24.235Z] <<< [apiv2][body] POST https://upload-firebasehosting.googleapis.com/upload/sites/clone-a8c89/versions/583ec505b82e9973/files/7af14133e75c838faeb1293658f156aa7b5f148edcc488365461c26d7f112315 [stream]
[debug] [2023-01-23T11:57:37.668Z] [uploadQueue] Retrying task f9ac837c390480f8b5b9012e988b90ea3ec0f72ce90911e2284b072354022296
[debug] [2023-01-23T11:57:37.670Z] >>> [apiv2][query] POST https://upload-firebasehosting.googleapis.com/upload/sites/clone-a8c89/versions/583ec505b82e9973/files/f9ac837c390480f8b5b9012e988b90ea3ec0f72ce90911e2284b072354022296 [none]
[debug] [2023-01-23T11:57:37.670Z] >>> [apiv2][body] POST https://upload-firebasehosting.googleapis.com/upload/sites/clone-a8c89/versions/583ec505b82e9973/files/f9ac837c390480f8b5b9012e988b90ea3ec0f72ce90911e2284b072354022296 [stream]
[debug] [2023-01-23T11:58:13.182Z] [uploadQueue] Retrying task f9ac837c390480f8b5b9012e988b90ea3ec0f72ce90911e2284b072354022296
[debug] [2023-01-23T11:58:13.182Z] >>> [apiv2][query] POST https://upload-firebasehosting.googleapis.com/upload/sites/clone-a8c89/versions/583ec505b82e9973/files/f9ac837c390480f8b5b9012e988b90ea3ec0f72ce90911e2284b072354022296 [none]
[debug] [2023-01-23T11:58:13.183Z] >>> [apiv2][body] POST https://upload-firebasehosting.googleapis.com/upload/sites/clone-a8c89/versions/583ec505b82e9973/files/f9ac837c390480f8b5b9012e988b90ea3ec0f72ce90911e2284b072354022296 [stream]
[debug] [2023-01-23T11:58:38.560Z] <<< [apiv2][status] POST https://upload-firebasehosting.googleapis.com/upload/sites/clone-a8c89/versions/583ec505b82e9973/files/f9ac837c390480f8b5b9012e988b90ea3ec0f72ce90911e2284b072354022296 200
[debug] [2023-01-23T11:58:38.560Z] <<< [apiv2][body] POST https://upload-firebasehosting.googleapis.com/upload/sites/clone-a8c89/versions/583ec505b82e9973/files/f9ac837c390480f8b5b9012e988b90ea3ec0f72ce90911e2284b072354022296 [stream]
[debug] [2023-01-23T11:58:38.561Z] [hosting][upload queue][FINAL] {"max":25379,"min":7143,"avg":14760.4,"active":0,"complete":5,"success":5,"errored":0,"retried":4,"total":5,"elapsed":129910}
[info] +  hosting[clone-a8c89]: file upload complete 
[debug] [2023-01-23T11:58:38.564Z] [hosting] deploy completed after 133316ms
[debug] [2023-01-23T11:58:38.568Z] [
  {
    "config": {
      "public": "build",
      "ignore": [
        "firebase.json",
        "**/.*",
        "**/node_modules/**"
      ],
      "rewrites": [
        {
          "source": "**",
          "destination": "/index.html"
        }
      ],
      "site": "clone-a8c89"
    },
    "version": "projects/895958076638/sites/clone-a8c89/versions/583ec505b82e9973"
  }
]
[info] i  hosting[clone-a8c89]: finalizing version... 
[debug] [2023-01-23T11:58:38.571Z] >>> [apiv2][query] PATCH https://firebasehosting.googleapis.com/v1beta1/projects/-/sites/clone-a8c89/versions/583ec505b82e9973 updateMask=status%2Cconfig
[debug] [2023-01-23T11:58:38.572Z] >>> [apiv2][body] PATCH https://firebasehosting.googleapis.com/v1beta1/projects/-/sites/clone-a8c89/versions/583ec505b82e9973 {"status":"FINALIZED","config":{"rewrites":[{"glob":"**","path":"/index.html"}]}}
[debug] [2023-01-23T11:58:41.049Z] <<< [apiv2][status] PATCH https://firebasehosting.googleapis.com/v1beta1/projects/-/sites/clone-a8c89/versions/583ec505b82e9973 200
[debug] [2023-01-23T11:58:41.049Z] <<< [apiv2][body] PATCH https://firebasehosting.googleapis.com/v1beta1/projects/-/sites/clone-a8c89/versions/583ec505b82e9973 {"name":"projects/895958076638/sites/clone-a8c89/versions/583ec505b82e9973","status":"FINALIZED","config":{"rewrites":[{"glob":"**","path":"/index.html"}]},"labels":{"deployment-tool":"cli-firebase"},"createTime":"2023-01-23T11:56:30.172614Z","createUser":{"email":"vyshuammu958@gmail.com"},"finalizeTime":"2023-01-23T11:58:46.535843Z","finalizeUser":{"email":"vyshuammu958@gmail.com"}}
[debug] [2023-01-23T11:58:41.049Z] [hosting] finalized version for clone-a8c89:[object Object]
[info] +  hosting[clone-a8c89]: version finalized 
[info] i  hosting[clone-a8c89]: releasing new version... 
[debug] [2023-01-23T11:58:41.050Z] >>> [apiv2][query] POST https://firebasehosting.googleapis.com/v1beta1/projects/-/sites/clone-a8c89/channels/live/releases versionName=projects%2F895958076638%2Fsites%2Fclone-a8c89%2Fversions%2F583ec505b82e9973
[debug] [2023-01-23T11:58:41.050Z] >>> [apiv2][body] POST https://firebasehosting.googleapis.com/v1beta1/projects/-/sites/clone-a8c89/channels/live/releases {}
[debug] [2023-01-23T11:58:44.149Z] <<< [apiv2][status] POST https://firebasehosting.googleapis.com/v1beta1/projects/-/sites/clone-a8c89/channels/live/releases 200
[debug] [2023-01-23T11:58:44.150Z] <<< [apiv2][body] POST https://firebasehosting.googleapis.com/v1beta1/projects/-/sites/clone-a8c89/channels/live/releases {"name":"projects/895958076638/sites/clone-a8c89/channels/live/releases/1674475128952241","version":{"name":"projects/895958076638/sites/clone-a8c89/versions/583ec505b82e9973","status":"FINALIZED","config":{"rewrites":[{"glob":"**","path":"/index.html"}]},"labels":{"deployment-tool":"cli-firebase"},"createTime":"2023-01-23T11:56:30.172614Z","createUser":{"email":"vyshuammu958@gmail.com","imageUrl":"https://lh3.googleusercontent.com/a/AEdFTp7NlhhPVv-YmaavFraOueZrg1mE79_UIMfxxq9N=mo"},"finalizeTime":"2023-01-23T11:58:46.535843Z","finalizeUser":{"email":"vyshuammu958@gmail.com","imageUrl":"https://lh3.googleusercontent.com/a/AEdFTp7NlhhPVv-YmaavFraOueZrg1mE79_UIMfxxq9N=mo"}},"type":"DEPLOY","releaseTime":"2023-01-23T11:58:48.952241696Z","releaseUser":{"email":"vyshuammu958@gmail.com","imageUrl":"https://lh3.googleusercontent.com/a/AEdFTp7NlhhPVv-YmaavFraOueZrg1mE79_UIMfxxq9N=mo"}}
[debug] [2023-01-23T11:58:44.150Z] [hosting] release: {"name":"projects/895958076638/sites/clone-a8c89/channels/live/releases/1674475128952241","version":{"name":"projects/895958076638/sites/clone-a8c89/versions/583ec505b82e9973","status":"FINALIZED","config":{"rewrites":[{"glob":"**","path":"/index.html"}]},"labels":{"deployment-tool":"cli-firebase"},"createTime":"2023-01-23T11:56:30.172614Z","createUser":{"email":"vyshuammu958@gmail.com","imageUrl":"https://lh3.googleusercontent.com/a/AEdFTp7NlhhPVv-YmaavFraOueZrg1mE79_UIMfxxq9N=mo"},"finalizeTime":"2023-01-23T11:58:46.535843Z","finalizeUser":{"email":"vyshuammu958@gmail.com","imageUrl":"https://lh3.googleusercontent.com/a/AEdFTp7NlhhPVv-YmaavFraOueZrg1mE79_UIMfxxq9N=mo"}},"type":"DEPLOY","releaseTime":"2023-01-23T11:58:48.952241696Z","releaseUser":{"email":"vyshuammu958@gmail.com","imageUrl":"https://lh3.googleusercontent.com/a/AEdFTp7NlhhPVv-YmaavFraOueZrg1mE79_UIMfxxq9N=mo"}}
[info] +  hosting[clone-a8c89]: release complete 
[info] 
[info] +  Deploy complete! 
[info] 
[info] Project Console: https://console.firebase.google.com/project/clone-a8c89/overview
[info] Hosting URL: https://clone-a8c89.web.app
[debug] [2023-01-23T11:58:52.652Z] Error: Timed out.
    at Timeout._onTimeout (C:\Users\mahes\AppData\Roaming\npm\node_modules\firebase-tools\lib\utils.js:253:49)
    at listOnTimeout (node:internal/timers:559:17)
    at processTimers (node:internal/timers:502:7)
[error] 
[error] Error: An unexpected error has occurred.
